[debug] [2020-06-26T17:04:44.512Z] ----------------------------------------------------------------------
[debug] [2020-06-26T17:04:44.515Z] Command:       C:\Program Files\nodejs\node.exe C:\Users\Hp\AppData\Roaming\npm\node_modules\firebase-tools\lib\bin\firebase.js init
[debug] [2020-06-26T17:04:44.516Z] CLI Version:   8.4.3
[debug] [2020-06-26T17:04:44.516Z] Platform:      win32
[debug] [2020-06-26T17:04:44.516Z] Node Version:  v12.18.0
[debug] [2020-06-26T17:04:44.517Z] Time:          Fri Jun 26 2020 18:04:44 GMT+0100 (West Africa Standard Time)
[debug] [2020-06-26T17:04:44.517Z] ----------------------------------------------------------------------
[debug] [2020-06-26T17:04:44.518Z] 
[debug] [2020-06-26T17:04:44.527Z] > command requires scopes: ["email","openid","https://www.googleapis.com/auth/cloudplatformprojects.readonly","https://www.googleapis.com/auth/firebase","https://www.googleapis.com/auth/cloud-platform"]
[debug] [2020-06-26T17:04:44.528Z] > authorizing via signed-in user
[info] 
     ######## #### ########  ######## ########     ###     ######  ########
     ##        ##  ##     ## ##       ##     ##  ##   ##  ##       ##
     ######    ##  ########  ######   ########  #########  ######  ######
     ##        ##  ##    ##  ##       ##     ## ##     ##       ## ##
     ##       #### ##     ## ######## ########  ##     ##  ######  ########

You're about to initialize a Firebase project in this directory:

  C:\Users\Hp\Videos\tutorials\Angular\Projects\budget-calculator

Before we get started, keep in mind:

  * You are initializing in an existing Firebase project directory

[info] 
=== Project Setup
[info] 
[info] First, let's associate this project directory with a Firebase project.
[info] You can create multiple project aliases by running firebase use --add, 
[info] but for now we'll just set up a default project.
[info] 
[info] i  .firebaserc already has a default project, using budget-app-b3a20. 
[debug] [2020-06-26T17:04:51.446Z] >>> HTTP REQUEST GET https://firebase.googleapis.com/v1beta1/projects/budget-app-b3a20  
 
[debug] [2020-06-26T17:04:52.034Z] <<< HTTP RESPONSE 200 {"content-type":"application/json; charset=UTF-8","vary":"X-Origin, Referer, Origin,Accept-Encoding","date":"Fri, 26 Jun 2020 17:04:51 GMT","server":"ESF","cache-control":"private","x-xss-protection":"0","x-frame-options":"SAMEORIGIN","x-content-type-options":"nosniff","alt-svc":"h3-27=\":443\"; ma=2592000,h3-25=\":443\"; ma=2592000,h3-T050=\":443\"; ma=2592000,h3-Q050=\":443\"; ma=2592000,h3-Q046=\":443\"; ma=2592000,h3-Q043=\":443\"; ma=2592000,quic=\":443\"; ma=2592000; v=\"46,43\"","accept-ranges":"none","transfer-encoding":"chunked"}
[info] 
=== Hosting Setup
[info] 
[info] Your public directory is the folder (relative to your project directory) that
[info] will contain Hosting assets to be uploaded with firebase deploy. If you
[info] have a build process for your assets, use your build's output directory.
[info] 
